<?xml version='1.0' encoding='UTF-8'?>
<testsuite hostname="C02DR68XMD6R" name="fireworks.FireworksSuite" tests="12" errors="0" failures="1" skipped="0" time="0.34" timestamp="2021-05-20T18:47:01">
                     <properties>
[...]
</properties>
                     <testcase classname="fireworks.FireworksSuite" name="'Firework.next' returns 'Done' when given 'Done' `" time="0.033">
                                                 
                                               </testcase><testcase classname="fireworks.FireworksSuite" name="'Firework.next' returns 'Waiting' or 'Launched' when given 'Waiting'" time="0.104">
                                                 
                                               </testcase><testcase classname="fireworks.FireworksSuite" name="'Firework.next' returns 'Launched' or 'Exploding' when given 'Launched'" time="0.018">
                                                 
                                               </testcase><testcase classname="fireworks.FireworksSuite" name="'Firework.next' returns 'Exploding' or 'Done' when given 'Exploding'" time="0.053">
                                                 
                                               </testcase><testcase classname="fireworks.FireworksSuite" name="Operation 'next' on class 'Waiting' should return the same 'Waiting' value with a decremented 'countDown' until it is zero or negative" time="0.011">
                                                 
                                               </testcase><testcase classname="fireworks.FireworksSuite" name="Operation 'next' on class 'Waiting' should return a 'Launched' value if the 'countDown' is zero or negative" time="0.008">
                                                 
                                               </testcase><testcase classname="fireworks.FireworksSuite" name="Operation 'next' on class 'Launched' should return a 'Launched' value with a decremented 'countDown' until it is zero or negative" time="0.006">
                                                 
                                               </testcase><testcase classname="fireworks.FireworksSuite" name="Operation 'next' on class 'Launched' should return a 'Launched' value with an updated 'position' until the 'countDown' is zero or negative" time="0.007">
                                                 
                                               </testcase><testcase classname="fireworks.FireworksSuite" name="Operation 'next' on class 'Launched' should return an 'Exploding' value if the 'countDown' is zero or negative" time="0.012">
                                                 
                                               </testcase><testcase classname="fireworks.FireworksSuite" name="Operation 'next' on class 'Exploding' should return an 'Exploding' value with a decremented 'countDown' until it is zero or negative" time="0.054">
                                                 
                                               </testcase><testcase classname="fireworks.FireworksSuite" name="Operation 'next' on class 'Exploding' should return a 'Done' value if the 'countDown' is zero or negative" time="0.02">
                                                 
                                               </testcase><testcase classname="fireworks.FireworksSuite" name="Operation 'next' on class 'Particle' should return a 'Particle' value that has moved" time="0.014">
                                                 <failure message="java.lang.AssertionError: An exception was thrown during property evaluation: munit.ComparisonFailException: /Users/ekipkalir/00_EK_Capgemini_Business/Effective Scala Programming/fireworks/src/test/scala/fireworks/FireworksSuite.scala:155 'verticalSpeed' should be subject to air friction and to gravity expected: 5.349731454438751E10 but was: 5.3497314544787506E10
154:      assertEqualsDouble(nextParticle.horizontalSpeed, expectedHorizontalSpeed, 0.01, &quot;'horizontalSpeed' should be reduced because of air friction&quot;)
[7m155:      assertEqualsDouble(nextParticle.verticalSpeed, expectedVerticalSpeed, 0.01, &quot;'verticalSpeed' should be subject to air friction and to gravity&quot;)[0m
156:      assertEquals(nextParticle.color, particle.color, &quot;'color' should not be changed&quot;)" type="sbt.ForkMain$ForkError">sbt.ForkMain$ForkError: java.lang.AssertionError: An exception was thrown during property evaluation: munit.ComparisonFailException: /Users/ekipkalir/00_EK_Capgemini_Business/Effective Scala Programming/fireworks/src/test/scala/fireworks/FireworksSuite.scala:155 'verticalSpeed' should be subject to air friction and to gravity expected: 5.349731454438751E10 but was: 5.3497314544787506E10
154:      assertEqualsDouble(nextParticle.horizontalSpeed, expectedHorizontalSpeed, 0.01, &quot;'horizontalSpeed' should be reduced because of air friction&quot;)
[7m155:      assertEqualsDouble(nextParticle.verticalSpeed, expectedVerticalSpeed, 0.01, &quot;'verticalSpeed' should be subject to air friction and to gravity&quot;)[0m
156:      assertEquals(nextParticle.color, particle.color, &quot;'color' should not be changed&quot;)
	at fireworks.FireworksSuite.failure$1(FireworksSuite.scala:168)
	at fireworks.FireworksSuite.checkProperty(FireworksSuite.scala:174)
	at fireworks.FireworksSuite.property$$anonfun$1(FireworksSuite.scala:162)
	at scala.runtime.java8.JFunction0$mcV$sp.apply(JFunction0$mcV$sp.scala:18)
</failure>
                                               </testcase>
                     <system-out><![CDATA[]]></system-out>
                     <system-err><![CDATA[]]></system-err>
                   </testsuite>